2024-05-26T22:09:59,284 [WARN ] main org.pytorch.serve.util.ConfigManager - Your torchserve instance can access any URL to load models. When deploying to production, make sure to limit the set of allowed_urls in config.properties
2024-05-26T22:09:59,284 [WARN ] main org.pytorch.serve.util.ConfigManager - Your torchserve instance can access any URL to load models. When deploying to production, make sure to limit the set of allowed_urls in config.properties
2024-05-26T22:09:59,287 [INFO ] main org.pytorch.serve.servingsdk.impl.PluginsManager - Initializing plugins manager...
2024-05-26T22:09:59,287 [INFO ] main org.pytorch.serve.servingsdk.impl.PluginsManager - Initializing plugins manager...
2024-05-26T22:09:59,358 [INFO ] main org.pytorch.serve.metrics.configuration.MetricConfiguration - Successfully loaded metrics configuration from /home/adc/anaconda3/envs/sat_serve/lib/python3.11/site-packages/ts/configs/metrics.yaml
2024-05-26T22:09:59,358 [INFO ] main org.pytorch.serve.metrics.configuration.MetricConfiguration - Successfully loaded metrics configuration from /home/adc/anaconda3/envs/sat_serve/lib/python3.11/site-packages/ts/configs/metrics.yaml
2024-05-26T22:09:59,528 [INFO ] main org.pytorch.serve.ModelServer - 
Torchserve version: 0.10.0
TS Home: /home/adc/anaconda3/envs/sat_serve/lib/python3.11/site-packages
Current directory: /home/adc/Desktop/gunalan/intern/HPE-CTY
Temp directory: /tmp
Metrics config path: /home/adc/anaconda3/envs/sat_serve/lib/python3.11/site-packages/ts/configs/metrics.yaml
Number of GPUs: 1
Number of CPUs: 32
Max heap size: 30688 M
Python executable: /home/adc/anaconda3/envs/sat_serve/bin/python
Config file: N/A
Inference address: http://127.0.0.1:8080
Management address: http://127.0.0.1:8081
Metrics address: http://127.0.0.1:8082
Model Store: /home/adc/Desktop/gunalan/intern/HPE-CTY/model_store
Initial Models: resnet18=resnet-18.mar
Log dir: /home/adc/Desktop/gunalan/intern/HPE-CTY/logs
Metrics dir: /home/adc/Desktop/gunalan/intern/HPE-CTY/logs
Netty threads: 0
Netty client threads: 0
Default workers per model: 1
Blacklist Regex: N/A
Maximum Response Size: 6553500
Maximum Request Size: 6553500
Limit Maximum Image Pixels: true
Prefer direct buffer: false
Allowed Urls: [file://.*|http(s)?://.*]
Custom python dependency for model allowed: false
Enable metrics API: true
Metrics mode: LOG
Disable system metrics: false
Workflow Store: /home/adc/Desktop/gunalan/intern/HPE-CTY/model_store
CPP log config: N/A
Model config: N/A
System metrics command: default
2024-05-26T22:09:59,528 [INFO ] main org.pytorch.serve.ModelServer - 
Torchserve version: 0.10.0
TS Home: /home/adc/anaconda3/envs/sat_serve/lib/python3.11/site-packages
Current directory: /home/adc/Desktop/gunalan/intern/HPE-CTY
Temp directory: /tmp
Metrics config path: /home/adc/anaconda3/envs/sat_serve/lib/python3.11/site-packages/ts/configs/metrics.yaml
Number of GPUs: 1
Number of CPUs: 32
Max heap size: 30688 M
Python executable: /home/adc/anaconda3/envs/sat_serve/bin/python
Config file: N/A
Inference address: http://127.0.0.1:8080
Management address: http://127.0.0.1:8081
Metrics address: http://127.0.0.1:8082
Model Store: /home/adc/Desktop/gunalan/intern/HPE-CTY/model_store
Initial Models: resnet18=resnet-18.mar
Log dir: /home/adc/Desktop/gunalan/intern/HPE-CTY/logs
Metrics dir: /home/adc/Desktop/gunalan/intern/HPE-CTY/logs
Netty threads: 0
Netty client threads: 0
Default workers per model: 1
Blacklist Regex: N/A
Maximum Response Size: 6553500
Maximum Request Size: 6553500
Limit Maximum Image Pixels: true
Prefer direct buffer: false
Allowed Urls: [file://.*|http(s)?://.*]
Custom python dependency for model allowed: false
Enable metrics API: true
Metrics mode: LOG
Disable system metrics: false
Workflow Store: /home/adc/Desktop/gunalan/intern/HPE-CTY/model_store
CPP log config: N/A
Model config: N/A
System metrics command: default
2024-05-26T22:09:59,540 [INFO ] main org.pytorch.serve.servingsdk.impl.PluginsManager -  Loading snapshot serializer plugin...
2024-05-26T22:09:59,540 [INFO ] main org.pytorch.serve.servingsdk.impl.PluginsManager -  Loading snapshot serializer plugin...
2024-05-26T22:09:59,565 [INFO ] main org.pytorch.serve.ModelServer - Loading initial models: resnet-18.mar
2024-05-26T22:09:59,565 [INFO ] main org.pytorch.serve.ModelServer - Loading initial models: resnet-18.mar
2024-05-26T22:10:00,217 [DEBUG] main org.pytorch.serve.wlm.ModelVersionedRefs - Adding new version 1.0 for model resnet18
2024-05-26T22:10:00,217 [DEBUG] main org.pytorch.serve.wlm.ModelVersionedRefs - Adding new version 1.0 for model resnet18
2024-05-26T22:10:00,218 [DEBUG] main org.pytorch.serve.wlm.ModelVersionedRefs - Setting default version to 1.0 for model resnet18
2024-05-26T22:10:00,218 [DEBUG] main org.pytorch.serve.wlm.ModelVersionedRefs - Setting default version to 1.0 for model resnet18
2024-05-26T22:10:00,218 [INFO ] main org.pytorch.serve.wlm.ModelManager - Model resnet18 loaded.
2024-05-26T22:10:00,218 [INFO ] main org.pytorch.serve.wlm.ModelManager - Model resnet18 loaded.
2024-05-26T22:10:00,218 [DEBUG] main org.pytorch.serve.wlm.ModelManager - updateModel: resnet18, count: 1
2024-05-26T22:10:00,218 [DEBUG] main org.pytorch.serve.wlm.ModelManager - updateModel: resnet18, count: 1
2024-05-26T22:10:00,232 [INFO ] main org.pytorch.serve.ModelServer - Initialize Inference server with: EpollServerSocketChannel.
2024-05-26T22:10:00,232 [INFO ] main org.pytorch.serve.ModelServer - Initialize Inference server with: EpollServerSocketChannel.
2024-05-26T22:10:00,231 [DEBUG] W-9000-resnet18_1.0 org.pytorch.serve.wlm.WorkerLifeCycle - Worker cmdline: [/home/adc/anaconda3/envs/sat_serve/bin/python, /home/adc/anaconda3/envs/sat_serve/lib/python3.11/site-packages/ts/model_service_worker.py, --sock-type, unix, --sock-name, /tmp/.ts.sock.9000, --metrics-config, /home/adc/anaconda3/envs/sat_serve/lib/python3.11/site-packages/ts/configs/metrics.yaml]
2024-05-26T22:10:00,231 [DEBUG] W-9000-resnet18_1.0 org.pytorch.serve.wlm.WorkerLifeCycle - Worker cmdline: [/home/adc/anaconda3/envs/sat_serve/bin/python, /home/adc/anaconda3/envs/sat_serve/lib/python3.11/site-packages/ts/model_service_worker.py, --sock-type, unix, --sock-name, /tmp/.ts.sock.9000, --metrics-config, /home/adc/anaconda3/envs/sat_serve/lib/python3.11/site-packages/ts/configs/metrics.yaml]
2024-05-26T22:10:00,316 [INFO ] main org.pytorch.serve.ModelServer - Inference API bind to: http://127.0.0.1:8080
2024-05-26T22:10:00,316 [INFO ] main org.pytorch.serve.ModelServer - Inference API bind to: http://127.0.0.1:8080
2024-05-26T22:10:00,316 [INFO ] main org.pytorch.serve.ModelServer - Initialize Management server with: EpollServerSocketChannel.
2024-05-26T22:10:00,316 [INFO ] main org.pytorch.serve.ModelServer - Initialize Management server with: EpollServerSocketChannel.
2024-05-26T22:10:00,318 [INFO ] main org.pytorch.serve.ModelServer - Management API bind to: http://127.0.0.1:8081
2024-05-26T22:10:00,318 [INFO ] main org.pytorch.serve.ModelServer - Management API bind to: http://127.0.0.1:8081
2024-05-26T22:10:00,318 [INFO ] main org.pytorch.serve.ModelServer - Initialize Metrics server with: EpollServerSocketChannel.
2024-05-26T22:10:00,318 [INFO ] main org.pytorch.serve.ModelServer - Initialize Metrics server with: EpollServerSocketChannel.
2024-05-26T22:10:00,319 [INFO ] main org.pytorch.serve.ModelServer - Metrics API bind to: http://127.0.0.1:8082
2024-05-26T22:10:00,319 [INFO ] main org.pytorch.serve.ModelServer - Metrics API bind to: http://127.0.0.1:8082
2024-05-26T22:10:00,714 [WARN ] pool-3-thread-1 org.pytorch.serve.metrics.MetricCollector - worker pid is not available yet.
2024-05-26T22:10:00,714 [WARN ] pool-3-thread-1 org.pytorch.serve.metrics.MetricCollector - worker pid is not available yet.
2024-05-26T22:10:02,106 [INFO ] pool-3-thread-1 TS_METRICS - CPUUtilization.Percent:0.0|#Level:Host|#hostname:adc-127,timestamp:1716741602
2024-05-26T22:10:02,110 [INFO ] pool-3-thread-1 TS_METRICS - DiskAvailable.Gigabytes:419.17739486694336|#Level:Host|#hostname:adc-127,timestamp:1716741602
2024-05-26T22:10:02,111 [INFO ] pool-3-thread-1 TS_METRICS - DiskUsage.Gigabytes:1250.235496520996|#Level:Host|#hostname:adc-127,timestamp:1716741602
2024-05-26T22:10:02,111 [INFO ] pool-3-thread-1 TS_METRICS - DiskUtilization.Percent:74.9|#Level:Host|#hostname:adc-127,timestamp:1716741602
2024-05-26T22:10:02,112 [INFO ] pool-3-thread-1 TS_METRICS - GPUMemoryUtilization.Percent:0.0|#Level:Host,DeviceId:0|#hostname:adc-127,timestamp:1716741602
2024-05-26T22:10:02,113 [INFO ] pool-3-thread-1 TS_METRICS - GPUMemoryUsed.Megabytes:0.0|#Level:Host,DeviceId:0|#hostname:adc-127,timestamp:1716741602
2024-05-26T22:10:02,113 [WARN ] pool-3-thread-1 org.pytorch.serve.metrics.MetricCollector - Parse metrics failed: GPUUtilization.Percent:None|#Level:Host,device_id:0|#hostname:adc-127,1716741602
2024-05-26T22:10:02,113 [WARN ] pool-3-thread-1 org.pytorch.serve.metrics.MetricCollector - Parse metrics failed: GPUUtilization.Percent:None|#Level:Host,device_id:0|#hostname:adc-127,1716741602
2024-05-26T22:10:02,114 [INFO ] pool-3-thread-1 TS_METRICS - MemoryAvailable.Megabytes:124112.3359375|#Level:Host|#hostname:adc-127,timestamp:1716741602
2024-05-26T22:10:02,114 [INFO ] pool-3-thread-1 TS_METRICS - MemoryUsed.Megabytes:3406.26953125|#Level:Host|#hostname:adc-127,timestamp:1716741602
2024-05-26T22:10:02,115 [INFO ] pool-3-thread-1 TS_METRICS - MemoryUtilization.Percent:3.5|#Level:Host|#hostname:adc-127,timestamp:1716741602
2024-05-26T22:10:02,221 [INFO ] W-9000-resnet18_1.0-stdout MODEL_LOG - s_name_part0=/tmp/.ts.sock, s_name_part1=9000, pid=17340
2024-05-26T22:10:02,224 [INFO ] W-9000-resnet18_1.0-stdout MODEL_LOG - Listening on port: /tmp/.ts.sock.9000
2024-05-26T22:10:02,228 [INFO ] W-9000-resnet18_1.0-stdout MODEL_LOG - Successfully loaded /home/adc/anaconda3/envs/sat_serve/lib/python3.11/site-packages/ts/configs/metrics.yaml.
2024-05-26T22:10:02,228 [INFO ] W-9000-resnet18_1.0-stdout MODEL_LOG - [PID]17340
2024-05-26T22:10:02,229 [INFO ] W-9000-resnet18_1.0-stdout MODEL_LOG - Torch worker started.
2024-05-26T22:10:02,229 [INFO ] W-9000-resnet18_1.0-stdout MODEL_LOG - Python runtime: 3.11.8
2024-05-26T22:10:02,230 [DEBUG] W-9000-resnet18_1.0 org.pytorch.serve.wlm.WorkerThread - W-9000-resnet18_1.0 State change null -> WORKER_STARTED
2024-05-26T22:10:02,230 [DEBUG] W-9000-resnet18_1.0 org.pytorch.serve.wlm.WorkerThread - W-9000-resnet18_1.0 State change null -> WORKER_STARTED
2024-05-26T22:10:02,239 [INFO ] W-9000-resnet18_1.0 org.pytorch.serve.wlm.WorkerThread - Connecting to: /tmp/.ts.sock.9000
2024-05-26T22:10:02,239 [INFO ] W-9000-resnet18_1.0 org.pytorch.serve.wlm.WorkerThread - Connecting to: /tmp/.ts.sock.9000
2024-05-26T22:10:02,253 [INFO ] W-9000-resnet18_1.0-stdout MODEL_LOG - Connection accepted: /tmp/.ts.sock.9000.
2024-05-26T22:10:02,258 [DEBUG] W-9000-resnet18_1.0 org.pytorch.serve.wlm.WorkerThread - Flushing req.cmd LOAD repeats 1 to backend at: 1716741602258
2024-05-26T22:10:02,258 [DEBUG] W-9000-resnet18_1.0 org.pytorch.serve.wlm.WorkerThread - Flushing req.cmd LOAD repeats 1 to backend at: 1716741602258
2024-05-26T22:10:02,263 [INFO ] W-9000-resnet18_1.0 org.pytorch.serve.wlm.WorkerThread - Looping backend response at: 1716741602262
2024-05-26T22:10:02,263 [INFO ] W-9000-resnet18_1.0 org.pytorch.serve.wlm.WorkerThread - Looping backend response at: 1716741602262
2024-05-26T22:10:02,309 [INFO ] W-9000-resnet18_1.0-stdout MODEL_LOG - model_name: resnet18, batchSize: 1
2024-05-26T22:10:03,549 [INFO ] pool-2-thread-2 ACCESS_LOG - /127.0.0.1:38992 "GET /ping HTTP/1.1" 200 15
2024-05-26T22:10:03,550 [INFO ] pool-2-thread-2 TS_METRICS - Requests2XX.Count:1.0|#Level:Host|#hostname:adc-127,timestamp:1716741603
2024-05-26T22:10:04,220 [INFO ] W-9000-resnet18_1.0-stdout MODEL_LOG - proceeding without onnxruntime
2024-05-26T22:10:04,221 [INFO ] W-9000-resnet18_1.0-stdout MODEL_LOG - Torch TensorRT not enabled
2024-05-26T22:10:04,220 [WARN ] W-9000-resnet18_1.0-stderr MODEL_LOG - /home/adc/anaconda3/envs/sat_serve/lib/python3.11/site-packages/torch/cuda/__init__.py:141: UserWarning: CUDA initialization: CUDA driver initialization failed, you might not have a CUDA gpu. (Triggered internally at ../c10/cuda/CUDAFunctions.cpp:108.)
2024-05-26T22:10:04,224 [WARN ] W-9000-resnet18_1.0-stderr MODEL_LOG -   return torch._C._cuda_getDeviceCount() > 0
2024-05-26T22:10:04,466 [INFO ] W-9000-resnet18_1.0 org.pytorch.serve.wlm.WorkerThread - Backend response time: 2203
2024-05-26T22:10:04,466 [INFO ] W-9000-resnet18_1.0 org.pytorch.serve.wlm.WorkerThread - Backend response time: 2203
2024-05-26T22:10:04,467 [DEBUG] W-9000-resnet18_1.0 org.pytorch.serve.wlm.WorkerThread - W-9000-resnet18_1.0 State change WORKER_STARTED -> WORKER_MODEL_LOADED
2024-05-26T22:10:04,467 [DEBUG] W-9000-resnet18_1.0 org.pytorch.serve.wlm.WorkerThread - W-9000-resnet18_1.0 State change WORKER_STARTED -> WORKER_MODEL_LOADED
2024-05-26T22:10:04,467 [INFO ] W-9000-resnet18_1.0 TS_METRICS - WorkerLoadTime.Milliseconds:4242.0|#WorkerName:W-9000-resnet18_1.0,Level:Host|#hostname:adc-127,timestamp:1716741604
2024-05-26T22:10:04,468 [INFO ] W-9000-resnet18_1.0 TS_METRICS - WorkerThreadTime.Milliseconds:7.0|#Level:Host|#hostname:adc-127,timestamp:1716741604
2024-05-26T22:11:01,575 [INFO ] pool-3-thread-1 TS_METRICS - CPUUtilization.Percent:0.0|#Level:Host|#hostname:adc-127,timestamp:1716741661
2024-05-26T22:11:01,576 [INFO ] pool-3-thread-1 TS_METRICS - DiskAvailable.Gigabytes:419.1773262023926|#Level:Host|#hostname:adc-127,timestamp:1716741661
2024-05-26T22:11:01,577 [INFO ] pool-3-thread-1 TS_METRICS - DiskUsage.Gigabytes:1250.2355651855469|#Level:Host|#hostname:adc-127,timestamp:1716741661
2024-05-26T22:11:01,577 [INFO ] pool-3-thread-1 TS_METRICS - DiskUtilization.Percent:74.9|#Level:Host|#hostname:adc-127,timestamp:1716741661
2024-05-26T22:11:01,578 [INFO ] pool-3-thread-1 TS_METRICS - GPUMemoryUtilization.Percent:0.0|#Level:Host,DeviceId:0|#hostname:adc-127,timestamp:1716741661
2024-05-26T22:11:01,579 [INFO ] pool-3-thread-1 TS_METRICS - GPUMemoryUsed.Megabytes:0.0|#Level:Host,DeviceId:0|#hostname:adc-127,timestamp:1716741661
2024-05-26T22:11:01,579 [WARN ] pool-3-thread-1 org.pytorch.serve.metrics.MetricCollector - Parse metrics failed: GPUUtilization.Percent:None|#Level:Host,device_id:0|#hostname:adc-127,1716741661
2024-05-26T22:11:01,579 [WARN ] pool-3-thread-1 org.pytorch.serve.metrics.MetricCollector - Parse metrics failed: GPUUtilization.Percent:None|#Level:Host,device_id:0|#hostname:adc-127,1716741661
2024-05-26T22:11:01,579 [INFO ] pool-3-thread-1 TS_METRICS - MemoryAvailable.Megabytes:123912.5|#Level:Host|#hostname:adc-127,timestamp:1716741661
2024-05-26T22:11:01,580 [INFO ] pool-3-thread-1 TS_METRICS - MemoryUsed.Megabytes:3606.16015625|#Level:Host|#hostname:adc-127,timestamp:1716741661
2024-05-26T22:11:01,581 [INFO ] pool-3-thread-1 TS_METRICS - MemoryUtilization.Percent:3.6|#Level:Host|#hostname:adc-127,timestamp:1716741661
