2024-05-26T22:10:02,106 - CPUUtilization.Percent:0.0|#Level:Host|#hostname:adc-127,timestamp:1716741602
2024-05-26T22:10:02,110 - DiskAvailable.Gigabytes:419.17739486694336|#Level:Host|#hostname:adc-127,timestamp:1716741602
2024-05-26T22:10:02,111 - DiskUsage.Gigabytes:1250.235496520996|#Level:Host|#hostname:adc-127,timestamp:1716741602
2024-05-26T22:10:02,111 - DiskUtilization.Percent:74.9|#Level:Host|#hostname:adc-127,timestamp:1716741602
2024-05-26T22:10:02,112 - GPUMemoryUtilization.Percent:0.0|#Level:Host,DeviceId:0|#hostname:adc-127,timestamp:1716741602
2024-05-26T22:10:02,113 - GPUMemoryUsed.Megabytes:0.0|#Level:Host,DeviceId:0|#hostname:adc-127,timestamp:1716741602
2024-05-26T22:10:02,114 - MemoryAvailable.Megabytes:124112.3359375|#Level:Host|#hostname:adc-127,timestamp:1716741602
2024-05-26T22:10:02,114 - MemoryUsed.Megabytes:3406.26953125|#Level:Host|#hostname:adc-127,timestamp:1716741602
2024-05-26T22:10:02,115 - MemoryUtilization.Percent:3.5|#Level:Host|#hostname:adc-127,timestamp:1716741602
2024-05-26T22:10:03,550 - Requests2XX.Count:1.0|#Level:Host|#hostname:adc-127,timestamp:1716741603
2024-05-26T22:10:04,467 - WorkerLoadTime.Milliseconds:4242.0|#WorkerName:W-9000-resnet18_1.0,Level:Host|#hostname:adc-127,timestamp:1716741604
2024-05-26T22:10:04,468 - WorkerThreadTime.Milliseconds:7.0|#Level:Host|#hostname:adc-127,timestamp:1716741604
2024-05-26T22:11:01,575 - CPUUtilization.Percent:0.0|#Level:Host|#hostname:adc-127,timestamp:1716741661
2024-05-26T22:11:01,576 - DiskAvailable.Gigabytes:419.1773262023926|#Level:Host|#hostname:adc-127,timestamp:1716741661
2024-05-26T22:11:01,577 - DiskUsage.Gigabytes:1250.2355651855469|#Level:Host|#hostname:adc-127,timestamp:1716741661
2024-05-26T22:11:01,577 - DiskUtilization.Percent:74.9|#Level:Host|#hostname:adc-127,timestamp:1716741661
2024-05-26T22:11:01,578 - GPUMemoryUtilization.Percent:0.0|#Level:Host,DeviceId:0|#hostname:adc-127,timestamp:1716741661
2024-05-26T22:11:01,579 - GPUMemoryUsed.Megabytes:0.0|#Level:Host,DeviceId:0|#hostname:adc-127,timestamp:1716741661
2024-05-26T22:11:01,579 - MemoryAvailable.Megabytes:123912.5|#Level:Host|#hostname:adc-127,timestamp:1716741661
2024-05-26T22:11:01,580 - MemoryUsed.Megabytes:3606.16015625|#Level:Host|#hostname:adc-127,timestamp:1716741661
2024-05-26T22:11:01,581 - MemoryUtilization.Percent:3.6|#Level:Host|#hostname:adc-127,timestamp:1716741661
2024-05-28T18:06:07,228 - CPUUtilization.Percent:100.0|#Level:Host|#hostname:Deeku,timestamp:1716899767
2024-05-28T18:06:07,231 - DiskAvailable.Gigabytes:939.9456443786621|#Level:Host|#hostname:Deeku,timestamp:1716899767
2024-05-28T18:06:07,237 - DiskUsage.Gigabytes:15.692665100097656|#Level:Host|#hostname:Deeku,timestamp:1716899767
2024-05-28T18:06:07,256 - DiskUtilization.Percent:1.6|#Level:Host|#hostname:Deeku,timestamp:1716899767
2024-05-28T18:06:07,259 - MemoryAvailable.Megabytes:2773.04296875|#Level:Host|#hostname:Deeku,timestamp:1716899767
2024-05-28T18:06:07,260 - MemoryUsed.Megabytes:802.44140625|#Level:Host|#hostname:Deeku,timestamp:1716899767
2024-05-28T18:06:07,261 - MemoryUtilization.Percent:28.1|#Level:Host|#hostname:Deeku,timestamp:1716899767
2024-05-28T18:06:08,102 - Requests2XX.Count:1.0|#Level:Host|#hostname:Deeku,timestamp:1716899768
2024-05-28T18:06:08,143 - Requests2XX.Count:1.0|#Level:Host|#hostname:Deeku,timestamp:1716899768
2024-05-28T18:06:21,553 - CPUUtilization.Percent:0.0|#Level:Host|#hostname:Deeku,timestamp:1716899781
2024-05-28T18:06:21,559 - DiskAvailable.Gigabytes:939.9456329345703|#Level:Host|#hostname:Deeku,timestamp:1716899781
2024-05-28T18:06:21,562 - DiskUsage.Gigabytes:15.692676544189453|#Level:Host|#hostname:Deeku,timestamp:1716899781
2024-05-28T18:06:21,564 - DiskUtilization.Percent:1.6|#Level:Host|#hostname:Deeku,timestamp:1716899781
2024-05-28T18:06:21,586 - MemoryAvailable.Megabytes:2122.36328125|#Level:Host|#hostname:Deeku,timestamp:1716899781
2024-05-28T18:06:21,587 - MemoryUsed.Megabytes:1453.1484375|#Level:Host|#hostname:Deeku,timestamp:1716899781
2024-05-28T18:06:21,589 - MemoryUtilization.Percent:45.0|#Level:Host|#hostname:Deeku,timestamp:1716899781
2024-05-28T18:06:29,631 - Requests2XX.Count:1.0|#Level:Host|#hostname:Deeku,timestamp:1716899789
2024-05-28T18:07:07,892 - CPUUtilization.Percent:100.0|#Level:Host|#hostname:Deeku,timestamp:1716899827
2024-05-28T18:07:07,910 - DiskAvailable.Gigabytes:939.9456024169922|#Level:Host|#hostname:Deeku,timestamp:1716899827
2024-05-28T18:07:07,911 - DiskUsage.Gigabytes:15.692707061767578|#Level:Host|#hostname:Deeku,timestamp:1716899827
2024-05-28T18:07:07,912 - DiskUtilization.Percent:1.6|#Level:Host|#hostname:Deeku,timestamp:1716899827
2024-05-28T18:07:07,913 - MemoryAvailable.Megabytes:2107.21875|#Level:Host|#hostname:Deeku,timestamp:1716899827
2024-05-28T18:07:07,914 - MemoryUsed.Megabytes:1482.828125|#Level:Host|#hostname:Deeku,timestamp:1716899827
2024-05-28T18:07:07,916 - MemoryUtilization.Percent:45.4|#Level:Host|#hostname:Deeku,timestamp:1716899827
2024-05-28T18:07:29,897 - Requests2XX.Count:1.0|#Level:Host|#hostname:Deeku,timestamp:1716899849
2024-05-28T18:07:43,609 - CPUUtilization.Percent:100.0|#Level:Host|#hostname:Deeku,timestamp:1716899863
2024-05-28T18:07:43,610 - DiskAvailable.Gigabytes:939.945442199707|#Level:Host|#hostname:Deeku,timestamp:1716899863
2024-05-28T18:07:43,612 - DiskUsage.Gigabytes:15.692867279052734|#Level:Host|#hostname:Deeku,timestamp:1716899863
2024-05-28T18:07:43,614 - DiskUtilization.Percent:1.6|#Level:Host|#hostname:Deeku,timestamp:1716899863
2024-05-28T18:07:43,615 - MemoryAvailable.Megabytes:2179.75390625|#Level:Host|#hostname:Deeku,timestamp:1716899863
2024-05-28T18:07:43,621 - MemoryUsed.Megabytes:1420.86328125|#Level:Host|#hostname:Deeku,timestamp:1716899863
2024-05-28T18:07:43,622 - MemoryUtilization.Percent:43.5|#Level:Host|#hostname:Deeku,timestamp:1716899863
2024-05-28T18:07:47,769 - Requests2XX.Count:1.0|#Level:Host|#hostname:Deeku,timestamp:1716899867
2024-05-28T18:08:01,710 - ts_inference_requests_total.Count:1.0|#model_name:resnet18,model_version:default|#hostname:Deeku,timestamp:1716899881
2024-05-28T18:08:43,427 - CPUUtilization.Percent:62.5|#Level:Host|#hostname:Deeku,timestamp:1716899923
2024-05-28T18:08:43,429 - DiskAvailable.Gigabytes:939.9447364807129|#Level:Host|#hostname:Deeku,timestamp:1716899923
2024-05-28T18:08:43,430 - DiskUsage.Gigabytes:15.693572998046875|#Level:Host|#hostname:Deeku,timestamp:1716899923
2024-05-28T18:08:43,431 - DiskUtilization.Percent:1.6|#Level:Host|#hostname:Deeku,timestamp:1716899923
2024-05-28T18:08:43,432 - MemoryAvailable.Megabytes:2307.33203125|#Level:Host|#hostname:Deeku,timestamp:1716899923
2024-05-28T18:08:43,440 - MemoryUsed.Megabytes:1294.9296875|#Level:Host|#hostname:Deeku,timestamp:1716899923
2024-05-28T18:08:43,461 - MemoryUtilization.Percent:40.2|#Level:Host|#hostname:Deeku,timestamp:1716899923
2024-05-28T18:10:28,895 - ts_inference_requests_total.Count:1.0|#model_name:resnet18,model_version:default|#hostname:Deeku,timestamp:1716900028
2024-05-28T18:15:16,684 - Requests5XX.Count:1.0|#Level:Host|#hostname:Deeku,timestamp:1716900316
2024-05-28T18:15:22,056 - Requests5XX.Count:1.0|#Level:Host|#hostname:Deeku,timestamp:1716900322
2024-05-28T18:15:22,136 - ts_inference_requests_total.Count:1.0|#model_name:resnet18,model_version:default|#hostname:Deeku,timestamp:1716900322
2024-05-28T18:15:24,374 - Requests5XX.Count:1.0|#Level:Host|#hostname:Deeku,timestamp:1716900324
2024-05-28T18:15:29,842 - Requests5XX.Count:1.0|#Level:Host|#hostname:Deeku,timestamp:1716900329
2024-05-28T18:15:29,929 - ts_inference_requests_total.Count:1.0|#model_name:resnet18,model_version:default|#hostname:Deeku,timestamp:1716900329
2024-05-28T18:15:31,076 - Requests5XX.Count:1.0|#Level:Host|#hostname:Deeku,timestamp:1716900331
2024-05-28T18:15:36,699 - Requests5XX.Count:1.0|#Level:Host|#hostname:Deeku,timestamp:1716900336
2024-05-28T18:15:36,755 - ts_inference_requests_total.Count:1.0|#model_name:resnet18,model_version:default|#hostname:Deeku,timestamp:1716900336
2024-05-28T18:15:37,717 - Requests5XX.Count:1.0|#Level:Host|#hostname:Deeku,timestamp:1716900337
2024-05-28T18:15:42,278 - Requests5XX.Count:1.0|#Level:Host|#hostname:Deeku,timestamp:1716900342
2024-05-28T18:15:47,797 - Requests5XX.Count:1.0|#Level:Host|#hostname:Deeku,timestamp:1716900347
2024-05-28T18:15:51,906 - Requests5XX.Count:1.0|#Level:Host|#hostname:Deeku,timestamp:1716900351
2024-05-28T18:15:57,432 - Requests5XX.Count:1.0|#Level:Host|#hostname:Deeku,timestamp:1716900357
2024-05-28T18:16:04,462 - Requests5XX.Count:1.0|#Level:Host|#hostname:Deeku,timestamp:1716900364
2024-05-28T18:16:06,253 - Requests5XX.Count:1.0|#Level:Host|#hostname:Deeku,timestamp:1716900366
2024-05-28T18:16:07,424 - Requests5XX.Count:1.0|#Level:Host|#hostname:Deeku,timestamp:1716900367
2024-05-28T18:16:12,988 - Requests5XX.Count:1.0|#Level:Host|#hostname:Deeku,timestamp:1716900372
2024-05-28T18:16:29,434 - Requests5XX.Count:1.0|#Level:Host|#hostname:Deeku,timestamp:1716900389
2024-05-28T18:16:35,008 - Requests5XX.Count:1.0|#Level:Host|#hostname:Deeku,timestamp:1716900395
2024-05-28T18:16:55,035 - Requests5XX.Count:1.0|#Level:Host|#hostname:Deeku,timestamp:1716900415
2024-05-28T18:17:00,487 - Requests5XX.Count:1.0|#Level:Host|#hostname:Deeku,timestamp:1716900420
2024-05-28T18:17:05,727 - Requests5XX.Count:1.0|#Level:Host|#hostname:Deeku,timestamp:1716900425
2024-05-28T18:17:05,747 - Requests5XX.Count:1.0|#Level:Host|#hostname:Deeku,timestamp:1716900425
2024-05-28T18:17:11,341 - Requests5XX.Count:1.0|#Level:Host|#hostname:Deeku,timestamp:1716900431
2024-05-28T18:17:50,584 - Requests5XX.Count:1.0|#Level:Host|#hostname:Deeku,timestamp:1716900470
2024-05-28T18:17:50,603 - Requests5XX.Count:1.0|#Level:Host|#hostname:Deeku,timestamp:1716900470
2024-05-28T18:17:55,957 - Requests5XX.Count:1.0|#Level:Host|#hostname:Deeku,timestamp:1716900475
2024-05-28T18:18:53,930 - ts_inference_requests_total.Count:1.0|#model_name:resnet18,model_version:default|#hostname:Deeku,timestamp:1716900533
2024-05-28T18:19:00,960 - ts_inference_requests_total.Count:1.0|#model_name:resnet18,model_version:default|#hostname:Deeku,timestamp:1716900540
2024-05-28T18:19:20,085 - Requests5XX.Count:1.0|#Level:Host|#hostname:Deeku,timestamp:1716900560
2024-05-28T18:19:20,110 - Requests5XX.Count:1.0|#Level:Host|#hostname:Deeku,timestamp:1716900560
2024-05-28T18:19:25,619 - Requests5XX.Count:1.0|#Level:Host|#hostname:Deeku,timestamp:1716900565
2024-05-28T18:19:48,497 - Requests5XX.Count:1.0|#Level:Host|#hostname:Deeku,timestamp:1716900588
2024-05-28T18:19:53,915 - Requests5XX.Count:1.0|#Level:Host|#hostname:Deeku,timestamp:1716900593
2024-05-28T18:20:54,979 - CPUUtilization.Percent:100.0|#Level:Host|#hostname:Deeku,timestamp:1716900654
2024-05-28T18:20:54,990 - DiskAvailable.Gigabytes:939.9437255859375|#Level:Host|#hostname:Deeku,timestamp:1716900654
2024-05-28T18:20:54,991 - DiskUsage.Gigabytes:15.694583892822266|#Level:Host|#hostname:Deeku,timestamp:1716900654
2024-05-28T18:20:54,992 - DiskUtilization.Percent:1.6|#Level:Host|#hostname:Deeku,timestamp:1716900654
2024-05-28T18:20:54,993 - MemoryAvailable.Megabytes:2142.5703125|#Level:Host|#hostname:Deeku,timestamp:1716900654
2024-05-28T18:20:54,994 - MemoryUsed.Megabytes:1459.48046875|#Level:Host|#hostname:Deeku,timestamp:1716900654
2024-05-28T18:20:54,996 - MemoryUtilization.Percent:44.4|#Level:Host|#hostname:Deeku,timestamp:1716900654
2024-05-28T18:23:55,915 - Requests2XX.Count:1.0|#Level:Host|#hostname:Deeku,timestamp:1716900835
2024-05-28T18:23:55,949 - Requests2XX.Count:1.0|#Level:Host|#hostname:Deeku,timestamp:1716900835
2024-05-28T18:24:10,987 - CPUUtilization.Percent:100.0|#Level:Host|#hostname:Deeku,timestamp:1716900850
2024-05-28T18:24:11,010 - DiskAvailable.Gigabytes:939.9422569274902|#Level:Host|#hostname:Deeku,timestamp:1716900851
2024-05-28T18:24:11,016 - DiskUsage.Gigabytes:15.696052551269531|#Level:Host|#hostname:Deeku,timestamp:1716900851
2024-05-28T18:24:11,027 - DiskUtilization.Percent:1.6|#Level:Host|#hostname:Deeku,timestamp:1716900851
2024-05-28T18:24:11,055 - MemoryAvailable.Megabytes:2031.703125|#Level:Host|#hostname:Deeku,timestamp:1716900851
2024-05-28T18:24:11,058 - MemoryUsed.Megabytes:1571.85546875|#Level:Host|#hostname:Deeku,timestamp:1716900851
2024-05-28T18:24:11,061 - MemoryUtilization.Percent:47.3|#Level:Host|#hostname:Deeku,timestamp:1716900851
2024-05-28T18:25:09,296 - Requests2XX.Count:1.0|#Level:Host|#hostname:Deeku,timestamp:1716900909
2024-05-28T18:25:18,940 - CPUUtilization.Percent:42.9|#Level:Host|#hostname:Deeku,timestamp:1716900918
2024-05-28T18:25:18,948 - DiskAvailable.Gigabytes:939.9853210449219|#Level:Host|#hostname:Deeku,timestamp:1716900918
2024-05-28T18:25:18,954 - DiskUsage.Gigabytes:15.65298843383789|#Level:Host|#hostname:Deeku,timestamp:1716900918
2024-05-28T18:25:18,955 - DiskUtilization.Percent:1.6|#Level:Host|#hostname:Deeku,timestamp:1716900918
2024-05-28T18:25:18,957 - MemoryAvailable.Megabytes:3008.44140625|#Level:Host|#hostname:Deeku,timestamp:1716900918
2024-05-28T18:25:18,959 - MemoryUsed.Megabytes:596.0390625|#Level:Host|#hostname:Deeku,timestamp:1716900918
2024-05-28T18:25:18,960 - MemoryUtilization.Percent:22.0|#Level:Host|#hostname:Deeku,timestamp:1716900918
2024-05-28T18:25:20,725 - Requests2XX.Count:1.0|#Level:Host|#hostname:Deeku,timestamp:1716900920
2024-05-28T18:25:45,220 - Requests2XX.Count:1.0|#Level:Host|#hostname:Deeku,timestamp:1716900945
2024-05-28T18:25:58,077 - CPUUtilization.Percent:100.0|#Level:Host|#hostname:Deeku,timestamp:1716900958
2024-05-28T18:25:58,097 - DiskAvailable.Gigabytes:939.9416389465332|#Level:Host|#hostname:Deeku,timestamp:1716900958
2024-05-28T18:25:58,099 - DiskUsage.Gigabytes:15.696670532226562|#Level:Host|#hostname:Deeku,timestamp:1716900958
2024-05-28T18:25:58,102 - DiskUtilization.Percent:1.6|#Level:Host|#hostname:Deeku,timestamp:1716900958
2024-05-28T18:25:58,107 - MemoryAvailable.Megabytes:2108.4375|#Level:Host|#hostname:Deeku,timestamp:1716900958
2024-05-28T18:25:58,109 - MemoryUsed.Megabytes:1495.72265625|#Level:Host|#hostname:Deeku,timestamp:1716900958
2024-05-28T18:25:58,110 - MemoryUtilization.Percent:45.3|#Level:Host|#hostname:Deeku,timestamp:1716900958
2024-05-28T18:26:57,962 - CPUUtilization.Percent:100.0|#Level:Host|#hostname:Deeku,timestamp:1716901017
2024-05-28T18:26:57,964 - DiskAvailable.Gigabytes:939.9410591125488|#Level:Host|#hostname:Deeku,timestamp:1716901017
2024-05-28T18:26:57,967 - DiskUsage.Gigabytes:15.697250366210938|#Level:Host|#hostname:Deeku,timestamp:1716901017
2024-05-28T18:26:57,968 - DiskUtilization.Percent:1.6|#Level:Host|#hostname:Deeku,timestamp:1716901017
2024-05-28T18:26:57,971 - MemoryAvailable.Megabytes:823.80078125|#Level:Host|#hostname:Deeku,timestamp:1716901017
2024-05-28T18:26:57,979 - MemoryUsed.Megabytes:2780.02734375|#Level:Host|#hostname:Deeku,timestamp:1716901017
2024-05-28T18:26:57,996 - MemoryUtilization.Percent:78.6|#Level:Host|#hostname:Deeku,timestamp:1716901017
2024-05-28T18:35:57,380 - Requests5XX.Count:1.0|#Level:Host|#hostname:Deeku,timestamp:1716901557
2024-05-28T18:36:02,485 - Requests5XX.Count:1.0|#Level:Host|#hostname:Deeku,timestamp:1716901562
2024-05-28T18:39:56,861 - Requests5XX.Count:1.0|#Level:Host|#hostname:Deeku,timestamp:1716901796
2024-05-28T18:40:01,943 - Requests5XX.Count:1.0|#Level:Host|#hostname:Deeku,timestamp:1716901801
2024-05-28T18:45:48,546 - Requests5XX.Count:1.0|#Level:Host|#hostname:Deeku,timestamp:1716902148
2024-05-28T18:45:53,771 - Requests5XX.Count:1.0|#Level:Host|#hostname:Deeku,timestamp:1716902153
2024-05-28T18:47:20,061 - CPUUtilization.Percent:88.9|#Level:Host|#hostname:Deeku,timestamp:1716902240
2024-05-28T18:47:20,068 - DiskAvailable.Gigabytes:939.9399147033691|#Level:Host|#hostname:Deeku,timestamp:1716902240
2024-05-28T18:47:20,075 - DiskUsage.Gigabytes:15.698394775390625|#Level:Host|#hostname:Deeku,timestamp:1716902240
2024-05-28T18:47:20,089 - DiskUtilization.Percent:1.6|#Level:Host|#hostname:Deeku,timestamp:1716902240
2024-05-28T18:47:20,090 - MemoryAvailable.Megabytes:2829.31640625|#Level:Host|#hostname:Deeku,timestamp:1716902240
2024-05-28T18:47:20,092 - MemoryUsed.Megabytes:766.59375|#Level:Host|#hostname:Deeku,timestamp:1716902240
2024-05-28T18:47:20,103 - MemoryUtilization.Percent:26.6|#Level:Host|#hostname:Deeku,timestamp:1716902240
2024-05-28T18:47:21,315 - Requests2XX.Count:1.0|#Level:Host|#hostname:Deeku,timestamp:1716902241
2024-05-28T18:48:21,675 - CPUUtilization.Percent:100.0|#Level:Host|#hostname:Deeku,timestamp:1716902301
2024-05-28T18:48:21,807 - DiskAvailable.Gigabytes:939.9396018981934|#Level:Host|#hostname:Deeku,timestamp:1716902301
2024-05-28T18:48:21,810 - DiskUsage.Gigabytes:15.698707580566406|#Level:Host|#hostname:Deeku,timestamp:1716902301
2024-05-28T18:48:21,819 - DiskUtilization.Percent:1.6|#Level:Host|#hostname:Deeku,timestamp:1716902301
2024-05-28T18:48:21,827 - MemoryAvailable.Megabytes:648.78515625|#Level:Host|#hostname:Deeku,timestamp:1716902301
2024-05-28T18:48:21,828 - MemoryUsed.Megabytes:2948.98828125|#Level:Host|#hostname:Deeku,timestamp:1716902301
2024-05-28T18:48:21,839 - MemoryUtilization.Percent:83.2|#Level:Host|#hostname:Deeku,timestamp:1716902301
2024-05-28T18:49:20,079 - CPUUtilization.Percent:87.5|#Level:Host|#hostname:Deeku,timestamp:1716902360
2024-05-28T18:49:20,080 - DiskAvailable.Gigabytes:939.9390068054199|#Level:Host|#hostname:Deeku,timestamp:1716902360
2024-05-28T18:49:20,080 - DiskUsage.Gigabytes:15.699302673339844|#Level:Host|#hostname:Deeku,timestamp:1716902360
2024-05-28T18:49:20,080 - DiskUtilization.Percent:1.6|#Level:Host|#hostname:Deeku,timestamp:1716902360
2024-05-28T18:49:20,080 - MemoryAvailable.Megabytes:1179.26171875|#Level:Host|#hostname:Deeku,timestamp:1716902360
2024-05-28T18:49:20,081 - MemoryUsed.Megabytes:2422.890625|#Level:Host|#hostname:Deeku,timestamp:1716902360
2024-05-28T18:49:20,081 - MemoryUtilization.Percent:69.4|#Level:Host|#hostname:Deeku,timestamp:1716902360
2024-05-28T18:51:17,642 - Requests2XX.Count:1.0|#Level:Host|#hostname:Deeku,timestamp:1716902477
2024-05-28T18:51:24,968 - Requests2XX.Count:1.0|#Level:Host|#hostname:Deeku,timestamp:1716902484
2024-05-28T18:51:27,242 - Requests2XX.Count:1.0|#Level:Host|#hostname:Deeku,timestamp:1716902487
2024-05-28T18:51:28,107 - Requests2XX.Count:1.0|#Level:Host|#hostname:Deeku,timestamp:1716902488
2024-05-28T18:51:28,196 - Requests2XX.Count:1.0|#Level:Host|#hostname:Deeku,timestamp:1716902488
2024-05-28T18:51:28,316 - Requests2XX.Count:1.0|#Level:Host|#hostname:Deeku,timestamp:1716902488
2024-05-28T18:51:37,617 - Requests2XX.Count:1.0|#Level:Host|#hostname:Deeku,timestamp:1716902497
2024-05-28T18:53:20,132 - Requests2XX.Count:1.0|#Level:Host|#hostname:Deeku,timestamp:1716902600
2024-05-28T18:53:21,199 - Requests2XX.Count:1.0|#Level:Host|#hostname:Deeku,timestamp:1716902601
2024-05-28T18:53:21,830 - CPUUtilization.Percent:100.0|#Level:Host|#hostname:Deeku,timestamp:1716902601
2024-05-28T18:53:21,897 - DiskAvailable.Gigabytes:939.8550033569336|#Level:Host|#hostname:Deeku,timestamp:1716902601
2024-05-28T18:53:21,906 - DiskUsage.Gigabytes:15.783306121826172|#Level:Host|#hostname:Deeku,timestamp:1716902601
2024-05-28T18:53:21,946 - DiskUtilization.Percent:1.7|#Level:Host|#hostname:Deeku,timestamp:1716902601
2024-05-28T18:53:21,948 - MemoryAvailable.Megabytes:1912.48828125|#Level:Host|#hostname:Deeku,timestamp:1716902601
2024-05-28T18:53:22,022 - MemoryUsed.Megabytes:1687.7265625|#Level:Host|#hostname:Deeku,timestamp:1716902602
2024-05-28T18:53:22,023 - MemoryUtilization.Percent:50.4|#Level:Host|#hostname:Deeku,timestamp:1716902602
2024-05-28T18:53:24,148 - Requests2XX.Count:1.0|#Level:Host|#hostname:Deeku,timestamp:1716902604
2024-05-28T18:53:24,768 - Requests2XX.Count:1.0|#Level:Host|#hostname:Deeku,timestamp:1716902604
2024-05-28T18:53:43,145 - WorkerLoadTime.Milliseconds:24171.0|#WorkerName:W-9002-resnet18_1.0,Level:Host|#hostname:Deeku,timestamp:1716902623
2024-05-28T18:53:43,194 - WorkerThreadTime.Milliseconds:225.0|#Level:Host|#hostname:Deeku,timestamp:1716902623
2024-05-28T18:53:43,146 - WorkerLoadTime.Milliseconds:24169.0|#WorkerName:W-9005-resnet18_1.0,Level:Host|#hostname:Deeku,timestamp:1716902623
2024-05-28T18:53:43,198 - WorkerThreadTime.Milliseconds:248.0|#Level:Host|#hostname:Deeku,timestamp:1716902623
2024-05-28T18:53:43,145 - WorkerLoadTime.Milliseconds:24162.0|#WorkerName:W-9006-resnet18_1.0,Level:Host|#hostname:Deeku,timestamp:1716902623
2024-05-28T18:53:43,143 - WorkerLoadTime.Milliseconds:24177.0|#WorkerName:W-9000-resnet18_1.0,Level:Host|#hostname:Deeku,timestamp:1716902623
2024-05-28T18:53:43,141 - WorkerLoadTime.Milliseconds:24173.0|#WorkerName:W-9001-resnet18_1.0,Level:Host|#hostname:Deeku,timestamp:1716902623
2024-05-28T18:53:43,206 - WorkerThreadTime.Milliseconds:238.0|#Level:Host|#hostname:Deeku,timestamp:1716902623
2024-05-28T18:53:43,155 - WorkerLoadTime.Milliseconds:24167.0|#WorkerName:W-9007-resnet18_1.0,Level:Host|#hostname:Deeku,timestamp:1716902623
2024-05-28T18:53:43,206 - WorkerThreadTime.Milliseconds:237.0|#Level:Host|#hostname:Deeku,timestamp:1716902623
2024-05-28T18:53:43,207 - WorkerThreadTime.Milliseconds:236.0|#Level:Host|#hostname:Deeku,timestamp:1716902623
2024-05-28T18:53:43,208 - WorkerThreadTime.Milliseconds:220.0|#Level:Host|#hostname:Deeku,timestamp:1716902623
2024-05-28T18:53:43,145 - WorkerLoadTime.Milliseconds:24198.0|#WorkerName:W-9003-resnet18_1.0,Level:Host|#hostname:Deeku,timestamp:1716902623
2024-05-28T18:53:43,217 - WorkerThreadTime.Milliseconds:245.0|#Level:Host|#hostname:Deeku,timestamp:1716902623
2024-05-28T18:53:43,145 - WorkerLoadTime.Milliseconds:24155.0|#WorkerName:W-9004-resnet18_1.0,Level:Host|#hostname:Deeku,timestamp:1716902623
2024-05-28T18:53:43,236 - WorkerThreadTime.Milliseconds:290.0|#Level:Host|#hostname:Deeku,timestamp:1716902623
2024-05-28T18:54:00,881 - ts_inference_requests_total.Count:1.0|#model_name:resnet18,model_version:default|#hostname:Deeku,timestamp:1716902640
2024-05-28T18:54:01,201 - Requests2XX.Count:1.0|#Level:Host|#hostname:Deeku,timestamp:1716902641
2024-05-28T18:54:01,204 - ts_inference_latency_microseconds.Microseconds:313097.796|#model_name:resnet18,model_version:default|#hostname:Deeku,timestamp:1716902641
2024-05-28T18:54:01,204 - ts_queue_latency_microseconds.Microseconds:3706.999|#model_name:resnet18,model_version:default|#hostname:Deeku,timestamp:1716902641
2024-05-28T18:54:01,205 - QueueTime.Milliseconds:3.0|#Level:Host|#hostname:Deeku,timestamp:1716902641
2024-05-28T18:54:01,206 - WorkerThreadTime.Milliseconds:14.0|#Level:Host|#hostname:Deeku,timestamp:1716902641
2024-05-28T18:54:07,329 - ts_inference_requests_total.Count:1.0|#model_name:resnet18,model_version:default|#hostname:Deeku,timestamp:1716902647
2024-05-28T18:54:07,491 - Requests2XX.Count:1.0|#Level:Host|#hostname:Deeku,timestamp:1716902647
2024-05-28T18:54:07,494 - ts_inference_latency_microseconds.Microseconds:156986.699|#model_name:resnet18,model_version:default|#hostname:Deeku,timestamp:1716902647
2024-05-28T18:54:07,499 - ts_queue_latency_microseconds.Microseconds:214.1|#model_name:resnet18,model_version:default|#hostname:Deeku,timestamp:1716902647
2024-05-28T18:54:07,502 - QueueTime.Milliseconds:0.0|#Level:Host|#hostname:Deeku,timestamp:1716902647
2024-05-28T18:54:07,508 - WorkerThreadTime.Milliseconds:26.0|#Level:Host|#hostname:Deeku,timestamp:1716902647
2024-05-28T18:54:21,706 - CPUUtilization.Percent:25.0|#Level:Host|#hostname:Deeku,timestamp:1716902661
2024-05-28T18:54:21,707 - DiskAvailable.Gigabytes:939.8548965454102|#Level:Host|#hostname:Deeku,timestamp:1716902661
2024-05-28T18:54:21,708 - DiskUsage.Gigabytes:15.78341293334961|#Level:Host|#hostname:Deeku,timestamp:1716902661
2024-05-28T18:54:21,709 - DiskUtilization.Percent:1.7|#Level:Host|#hostname:Deeku,timestamp:1716902661
2024-05-28T18:54:21,712 - MemoryAvailable.Megabytes:141.83984375|#Level:Host|#hostname:Deeku,timestamp:1716902661
2024-05-28T18:54:21,713 - MemoryUsed.Megabytes:3492.44140625|#Level:Host|#hostname:Deeku,timestamp:1716902661
2024-05-28T18:54:21,714 - MemoryUtilization.Percent:96.3|#Level:Host|#hostname:Deeku,timestamp:1716902661
2024-05-28T18:55:21,565 - CPUUtilization.Percent:0.0|#Level:Host|#hostname:Deeku,timestamp:1716902721
2024-05-28T18:55:21,566 - DiskAvailable.Gigabytes:939.8548927307129|#Level:Host|#hostname:Deeku,timestamp:1716902721
2024-05-28T18:55:21,566 - DiskUsage.Gigabytes:15.783416748046875|#Level:Host|#hostname:Deeku,timestamp:1716902721
2024-05-28T18:55:21,566 - DiskUtilization.Percent:1.7|#Level:Host|#hostname:Deeku,timestamp:1716902721
2024-05-28T18:55:21,567 - MemoryAvailable.Megabytes:132.26171875|#Level:Host|#hostname:Deeku,timestamp:1716902721
2024-05-28T18:55:21,568 - MemoryUsed.Megabytes:3502.2109375|#Level:Host|#hostname:Deeku,timestamp:1716902721
2024-05-28T18:55:21,570 - MemoryUtilization.Percent:96.6|#Level:Host|#hostname:Deeku,timestamp:1716902721
2024-05-28T18:56:21,634 - CPUUtilization.Percent:0.0|#Level:Host|#hostname:Deeku,timestamp:1716902781
2024-05-28T18:56:21,635 - DiskAvailable.Gigabytes:939.8548851013184|#Level:Host|#hostname:Deeku,timestamp:1716902781
2024-05-28T18:56:21,636 - DiskUsage.Gigabytes:15.783424377441406|#Level:Host|#hostname:Deeku,timestamp:1716902781
2024-05-28T18:56:21,636 - DiskUtilization.Percent:1.7|#Level:Host|#hostname:Deeku,timestamp:1716902781
2024-05-28T18:56:21,637 - MemoryAvailable.Megabytes:139.484375|#Level:Host|#hostname:Deeku,timestamp:1716902781
2024-05-28T18:56:21,638 - MemoryUsed.Megabytes:3494.99609375|#Level:Host|#hostname:Deeku,timestamp:1716902781
2024-05-28T18:56:21,639 - MemoryUtilization.Percent:96.4|#Level:Host|#hostname:Deeku,timestamp:1716902781
2024-05-28T18:57:21,571 - CPUUtilization.Percent:0.0|#Level:Host|#hostname:Deeku,timestamp:1716902841
2024-05-28T18:57:21,571 - DiskAvailable.Gigabytes:939.8548851013184|#Level:Host|#hostname:Deeku,timestamp:1716902841
2024-05-28T18:57:21,572 - DiskUsage.Gigabytes:15.783424377441406|#Level:Host|#hostname:Deeku,timestamp:1716902841
2024-05-28T18:57:21,572 - DiskUtilization.Percent:1.7|#Level:Host|#hostname:Deeku,timestamp:1716902841
2024-05-28T18:57:21,572 - MemoryAvailable.Megabytes:139.6015625|#Level:Host|#hostname:Deeku,timestamp:1716902841
2024-05-28T18:57:21,573 - MemoryUsed.Megabytes:3494.8828125|#Level:Host|#hostname:Deeku,timestamp:1716902841
2024-05-28T18:57:21,575 - MemoryUtilization.Percent:96.4|#Level:Host|#hostname:Deeku,timestamp:1716902841
2024-05-28T18:58:21,588 - CPUUtilization.Percent:0.0|#Level:Host|#hostname:Deeku,timestamp:1716902901
2024-05-28T18:58:21,589 - DiskAvailable.Gigabytes:939.8548851013184|#Level:Host|#hostname:Deeku,timestamp:1716902901
2024-05-28T18:58:21,589 - DiskUsage.Gigabytes:15.783424377441406|#Level:Host|#hostname:Deeku,timestamp:1716902901
2024-05-28T18:58:21,590 - DiskUtilization.Percent:1.7|#Level:Host|#hostname:Deeku,timestamp:1716902901
2024-05-28T18:58:21,592 - MemoryAvailable.Megabytes:138.03125|#Level:Host|#hostname:Deeku,timestamp:1716902901
2024-05-28T18:58:21,594 - MemoryUsed.Megabytes:3496.44921875|#Level:Host|#hostname:Deeku,timestamp:1716902901
2024-05-28T18:58:21,595 - MemoryUtilization.Percent:96.4|#Level:Host|#hostname:Deeku,timestamp:1716902901
2024-05-28T18:59:21,584 - CPUUtilization.Percent:0.0|#Level:Host|#hostname:Deeku,timestamp:1716902961
2024-05-28T18:59:21,587 - DiskAvailable.Gigabytes:939.8548812866211|#Level:Host|#hostname:Deeku,timestamp:1716902961
2024-05-28T18:59:21,588 - DiskUsage.Gigabytes:15.783428192138672|#Level:Host|#hostname:Deeku,timestamp:1716902961
2024-05-28T18:59:21,589 - DiskUtilization.Percent:1.7|#Level:Host|#hostname:Deeku,timestamp:1716902961
2024-05-28T18:59:21,590 - MemoryAvailable.Megabytes:136.375|#Level:Host|#hostname:Deeku,timestamp:1716902961
2024-05-28T18:59:21,591 - MemoryUsed.Megabytes:3498.11328125|#Level:Host|#hostname:Deeku,timestamp:1716902961
2024-05-28T18:59:21,592 - MemoryUtilization.Percent:96.5|#Level:Host|#hostname:Deeku,timestamp:1716902961
2024-05-28T19:00:21,575 - CPUUtilization.Percent:0.0|#Level:Host|#hostname:Deeku,timestamp:1716903021
2024-05-28T19:00:21,575 - DiskAvailable.Gigabytes:939.8548812866211|#Level:Host|#hostname:Deeku,timestamp:1716903021
2024-05-28T19:00:21,575 - DiskUsage.Gigabytes:15.783428192138672|#Level:Host|#hostname:Deeku,timestamp:1716903021
2024-05-28T19:00:21,576 - DiskUtilization.Percent:1.7|#Level:Host|#hostname:Deeku,timestamp:1716903021
2024-05-28T19:00:21,576 - MemoryAvailable.Megabytes:141.3515625|#Level:Host|#hostname:Deeku,timestamp:1716903021
2024-05-28T19:00:21,576 - MemoryUsed.Megabytes:3493.140625|#Level:Host|#hostname:Deeku,timestamp:1716903021
2024-05-28T19:00:21,577 - MemoryUtilization.Percent:96.3|#Level:Host|#hostname:Deeku,timestamp:1716903021
2024-05-28T19:01:21,568 - CPUUtilization.Percent:50.0|#Level:Host|#hostname:Deeku,timestamp:1716903081
2024-05-28T19:01:21,568 - DiskAvailable.Gigabytes:939.8548774719238|#Level:Host|#hostname:Deeku,timestamp:1716903081
2024-05-28T19:01:21,568 - DiskUsage.Gigabytes:15.783432006835938|#Level:Host|#hostname:Deeku,timestamp:1716903081
2024-05-28T19:01:21,569 - DiskUtilization.Percent:1.7|#Level:Host|#hostname:Deeku,timestamp:1716903081
2024-05-28T19:01:21,570 - MemoryAvailable.Megabytes:143.71484375|#Level:Host|#hostname:Deeku,timestamp:1716903081
2024-05-28T19:01:21,572 - MemoryUsed.Megabytes:3489.27734375|#Level:Host|#hostname:Deeku,timestamp:1716903081
2024-05-28T19:01:21,574 - MemoryUtilization.Percent:96.2|#Level:Host|#hostname:Deeku,timestamp:1716903081
2024-05-28T19:01:40,272 - ts_inference_requests_total.Count:1.0|#model_name:resnet18,model_version:default|#hostname:Deeku,timestamp:1716903100
2024-05-28T19:01:40,590 - Requests2XX.Count:1.0|#Level:Host|#hostname:Deeku,timestamp:1716903100
2024-05-28T19:01:40,592 - ts_inference_latency_microseconds.Microseconds:316044.904|#model_name:resnet18,model_version:default|#hostname:Deeku,timestamp:1716903100
2024-05-28T19:01:40,593 - ts_queue_latency_microseconds.Microseconds:417.3|#model_name:resnet18,model_version:default|#hostname:Deeku,timestamp:1716903100
2024-05-28T19:01:40,593 - QueueTime.Milliseconds:0.0|#Level:Host|#hostname:Deeku,timestamp:1716903100
2024-05-28T19:01:40,594 - WorkerThreadTime.Milliseconds:6.0|#Level:Host|#hostname:Deeku,timestamp:1716903100
2024-05-28T19:01:40,784 - ts_inference_requests_total.Count:1.0|#model_name:resnet18,model_version:default|#hostname:Deeku,timestamp:1716903100
2024-05-28T19:01:41,287 - Requests2XX.Count:1.0|#Level:Host|#hostname:Deeku,timestamp:1716903101
2024-05-28T19:01:41,288 - ts_inference_latency_microseconds.Microseconds:493387.006|#model_name:resnet18,model_version:default|#hostname:Deeku,timestamp:1716903101
2024-05-28T19:01:41,289 - ts_queue_latency_microseconds.Microseconds:409.7|#model_name:resnet18,model_version:default|#hostname:Deeku,timestamp:1716903101
2024-05-28T19:01:41,290 - QueueTime.Milliseconds:0.0|#Level:Host|#hostname:Deeku,timestamp:1716903101
2024-05-28T19:01:41,293 - WorkerThreadTime.Milliseconds:7.0|#Level:Host|#hostname:Deeku,timestamp:1716903101
2024-05-28T19:02:21,567 - CPUUtilization.Percent:50.0|#Level:Host|#hostname:Deeku,timestamp:1716903141
2024-05-28T19:02:21,568 - DiskAvailable.Gigabytes:939.8548698425293|#Level:Host|#hostname:Deeku,timestamp:1716903141
2024-05-28T19:02:21,568 - DiskUsage.Gigabytes:15.783439636230469|#Level:Host|#hostname:Deeku,timestamp:1716903141
2024-05-28T19:02:21,569 - DiskUtilization.Percent:1.7|#Level:Host|#hostname:Deeku,timestamp:1716903141
2024-05-28T19:02:21,570 - MemoryAvailable.Megabytes:211.74609375|#Level:Host|#hostname:Deeku,timestamp:1716903141
2024-05-28T19:02:21,572 - MemoryUsed.Megabytes:3422.83984375|#Level:Host|#hostname:Deeku,timestamp:1716903141
2024-05-28T19:02:21,573 - MemoryUtilization.Percent:94.5|#Level:Host|#hostname:Deeku,timestamp:1716903141
2024-05-28T19:03:21,560 - CPUUtilization.Percent:0.0|#Level:Host|#hostname:Deeku,timestamp:1716903201
2024-05-28T19:03:21,561 - DiskAvailable.Gigabytes:939.8548698425293|#Level:Host|#hostname:Deeku,timestamp:1716903201
2024-05-28T19:03:21,561 - DiskUsage.Gigabytes:15.783439636230469|#Level:Host|#hostname:Deeku,timestamp:1716903201
2024-05-28T19:03:21,561 - DiskUtilization.Percent:1.7|#Level:Host|#hostname:Deeku,timestamp:1716903201
2024-05-28T19:03:21,562 - MemoryAvailable.Megabytes:204.36328125|#Level:Host|#hostname:Deeku,timestamp:1716903201
2024-05-28T19:03:21,563 - MemoryUsed.Megabytes:3430.21875|#Level:Host|#hostname:Deeku,timestamp:1716903201
2024-05-28T19:03:21,564 - MemoryUtilization.Percent:94.7|#Level:Host|#hostname:Deeku,timestamp:1716903201
2024-05-28T19:04:21,570 - CPUUtilization.Percent:0.0|#Level:Host|#hostname:Deeku,timestamp:1716903261
2024-05-28T19:04:21,570 - DiskAvailable.Gigabytes:939.854866027832|#Level:Host|#hostname:Deeku,timestamp:1716903261
2024-05-28T19:04:21,571 - DiskUsage.Gigabytes:15.783443450927734|#Level:Host|#hostname:Deeku,timestamp:1716903261
2024-05-28T19:04:21,572 - DiskUtilization.Percent:1.7|#Level:Host|#hostname:Deeku,timestamp:1716903261
2024-05-28T19:04:21,572 - MemoryAvailable.Megabytes:197.77734375|#Level:Host|#hostname:Deeku,timestamp:1716903261
2024-05-28T19:04:21,573 - MemoryUsed.Megabytes:3436.80859375|#Level:Host|#hostname:Deeku,timestamp:1716903261
2024-05-28T19:04:21,574 - MemoryUtilization.Percent:94.9|#Level:Host|#hostname:Deeku,timestamp:1716903261
2024-05-28T19:05:21,592 - CPUUtilization.Percent:0.0|#Level:Host|#hostname:Deeku,timestamp:1716903321
2024-05-28T19:05:21,593 - DiskAvailable.Gigabytes:939.8548622131348|#Level:Host|#hostname:Deeku,timestamp:1716903321
2024-05-28T19:05:21,593 - DiskUsage.Gigabytes:15.783447265625|#Level:Host|#hostname:Deeku,timestamp:1716903321
2024-05-28T19:05:21,593 - DiskUtilization.Percent:1.7|#Level:Host|#hostname:Deeku,timestamp:1716903321
2024-05-28T19:05:21,594 - MemoryAvailable.Megabytes:219.4609375|#Level:Host|#hostname:Deeku,timestamp:1716903321
2024-05-28T19:05:21,594 - MemoryUsed.Megabytes:3415.125|#Level:Host|#hostname:Deeku,timestamp:1716903321
2024-05-28T19:05:21,595 - MemoryUtilization.Percent:94.3|#Level:Host|#hostname:Deeku,timestamp:1716903321
2024-05-28T19:06:21,603 - CPUUtilization.Percent:0.0|#Level:Host|#hostname:Deeku,timestamp:1716903381
2024-05-28T19:06:21,604 - DiskAvailable.Gigabytes:939.8548622131348|#Level:Host|#hostname:Deeku,timestamp:1716903381
2024-05-28T19:06:21,604 - DiskUsage.Gigabytes:15.783447265625|#Level:Host|#hostname:Deeku,timestamp:1716903381
2024-05-28T19:06:21,605 - DiskUtilization.Percent:1.7|#Level:Host|#hostname:Deeku,timestamp:1716903381
2024-05-28T19:06:21,605 - MemoryAvailable.Megabytes:218.03515625|#Level:Host|#hostname:Deeku,timestamp:1716903381
2024-05-28T19:06:21,606 - MemoryUsed.Megabytes:3416.55078125|#Level:Host|#hostname:Deeku,timestamp:1716903381
2024-05-28T19:06:21,608 - MemoryUtilization.Percent:94.3|#Level:Host|#hostname:Deeku,timestamp:1716903381
2024-05-28T19:07:21,589 - CPUUtilization.Percent:0.0|#Level:Host|#hostname:Deeku,timestamp:1716903441
2024-05-28T19:07:21,590 - DiskAvailable.Gigabytes:939.8548622131348|#Level:Host|#hostname:Deeku,timestamp:1716903441
2024-05-28T19:07:21,591 - DiskUsage.Gigabytes:15.783447265625|#Level:Host|#hostname:Deeku,timestamp:1716903441
2024-05-28T19:07:21,591 - DiskUtilization.Percent:1.7|#Level:Host|#hostname:Deeku,timestamp:1716903441
2024-05-28T19:07:21,592 - MemoryAvailable.Megabytes:224.97265625|#Level:Host|#hostname:Deeku,timestamp:1716903441
2024-05-28T19:07:21,593 - MemoryUsed.Megabytes:3409.60546875|#Level:Host|#hostname:Deeku,timestamp:1716903441
2024-05-28T19:07:21,593 - MemoryUtilization.Percent:94.2|#Level:Host|#hostname:Deeku,timestamp:1716903441
2024-05-28T19:08:21,578 - CPUUtilization.Percent:0.0|#Level:Host|#hostname:Deeku,timestamp:1716903501
2024-05-28T19:08:21,578 - DiskAvailable.Gigabytes:939.8548583984375|#Level:Host|#hostname:Deeku,timestamp:1716903501
2024-05-28T19:08:21,579 - DiskUsage.Gigabytes:15.783451080322266|#Level:Host|#hostname:Deeku,timestamp:1716903501
2024-05-28T19:08:21,579 - DiskUtilization.Percent:1.7|#Level:Host|#hostname:Deeku,timestamp:1716903501
2024-05-28T19:08:21,579 - MemoryAvailable.Megabytes:219.9296875|#Level:Host|#hostname:Deeku,timestamp:1716903501
2024-05-28T19:08:21,579 - MemoryUsed.Megabytes:3414.6484375|#Level:Host|#hostname:Deeku,timestamp:1716903501
2024-05-28T19:08:21,580 - MemoryUtilization.Percent:94.3|#Level:Host|#hostname:Deeku,timestamp:1716903501
2024-05-28T19:09:21,610 - CPUUtilization.Percent:0.0|#Level:Host|#hostname:Deeku,timestamp:1716903561
2024-05-28T19:09:21,610 - DiskAvailable.Gigabytes:939.8548583984375|#Level:Host|#hostname:Deeku,timestamp:1716903561
2024-05-28T19:09:21,611 - DiskUsage.Gigabytes:15.783451080322266|#Level:Host|#hostname:Deeku,timestamp:1716903561
2024-05-28T19:09:21,612 - DiskUtilization.Percent:1.7|#Level:Host|#hostname:Deeku,timestamp:1716903561
2024-05-28T19:09:21,614 - MemoryAvailable.Megabytes:211.7109375|#Level:Host|#hostname:Deeku,timestamp:1716903561
2024-05-28T19:09:21,616 - MemoryUsed.Megabytes:3422.875|#Level:Host|#hostname:Deeku,timestamp:1716903561
2024-05-28T19:09:21,616 - MemoryUtilization.Percent:94.5|#Level:Host|#hostname:Deeku,timestamp:1716903561
2024-05-28T19:10:21,589 - CPUUtilization.Percent:0.0|#Level:Host|#hostname:Deeku,timestamp:1716903621
2024-05-28T19:10:21,589 - DiskAvailable.Gigabytes:939.8548545837402|#Level:Host|#hostname:Deeku,timestamp:1716903621
2024-05-28T19:10:21,590 - DiskUsage.Gigabytes:15.783454895019531|#Level:Host|#hostname:Deeku,timestamp:1716903621
2024-05-28T19:10:21,590 - DiskUtilization.Percent:1.7|#Level:Host|#hostname:Deeku,timestamp:1716903621
2024-05-28T19:10:21,591 - MemoryAvailable.Megabytes:209.921875|#Level:Host|#hostname:Deeku,timestamp:1716903621
2024-05-28T19:10:21,592 - MemoryUsed.Megabytes:3424.65625|#Level:Host|#hostname:Deeku,timestamp:1716903621
2024-05-28T19:10:21,594 - MemoryUtilization.Percent:94.6|#Level:Host|#hostname:Deeku,timestamp:1716903621
